<?xml version="1.0" encoding="UTF-8"?>
<testng-results ignored="2" total="3" passed="1" failed="0" skipped="0">
  <reporter-output>
  </reporter-output>
  <suite started-at="2024-02-19T14:33:30 IST" name="MyswaglabsPractice" finished-at="2024-02-19T14:33:34 IST" duration-ms="3142">
    <groups>
    </groups>
    <test started-at="2024-02-19T14:33:30 IST" name="Test" finished-at="2024-02-19T14:33:34 IST" duration-ms="3142">
      <class name="com.main.BaseClass">
        <test-method is-config="true" signature="initSutite()[pri:0, instance:com.main.BaseClass@62150f9e]" started-at="2024-02-19T14:33:29 IST" name="initSutite" finished-at="2024-02-19T14:33:30 IST" duration-ms="1358" status="PASS">
          <reporter-output>
          </reporter-output>
        </test-method> <!-- initSutite -->
        <test-method is-config="true" signature="killBrowser()[pri:0, instance:com.main.BaseClass@62150f9e]" started-at="2024-02-19T14:33:34 IST" name="killBrowser" finished-at="2024-02-19T14:33:34 IST" duration-ms="1" status="PASS">
          <reporter-output>
          </reporter-output>
        </test-method> <!-- killBrowser -->
      </class> <!-- com.main.BaseClass -->
      <class name="com.test.LoginTest">
        <test-method signature="testLogin()[pri:0, instance:com.test.LoginTest@694abbdc]" started-at="2024-02-19T14:33:30 IST" name="testLogin" finished-at="2024-02-19T14:33:34 IST" duration-ms="3117" status="PASS">
          <reporter-output>
          </reporter-output>
        </test-method> <!-- testLogin -->
      </class> <!-- com.test.LoginTest -->
    </test> <!-- Test -->
  </suite> <!-- MyswaglabsPractice -->
</testng-results>
