<?xml version="1.0" encoding="UTF-8"?>
<!-- Generated by org.testng.reporters.JUnitXMLReporter -->
<testsuite ignored="2" hostname="DESKTOP-1D6MK40" failures="0" tests="1" name="Test" time="3.142" errors="0" timestamp="2024-02-19T14:33:34 IST">
  <testcase classname="com.test.LoginTest" name="testLogin" time="3.117"/>
  <testcase classname="com.main.BaseClass" name="@BeforeSuite initSutite" time="0.0">
    <ignored/>
  </testcase> <!-- @BeforeSuite initSutite -->
  <testcase classname="com.main.BaseClass" name="@AfterSuite killBrowser" time="0.0">
    <ignored/>
  </testcase> <!-- @AfterSuite killBrowser -->
</testsuite> <!-- Test -->
